[debug] [2020-11-22T06:57:46.015Z] ----------------------------------------------------------------------
[debug] [2020-11-22T06:57:46.016Z] Command:       C:\Program Files\nodejs\node.exe C:\Users\nicho\AppData\Roaming\npm\node_modules\firebase-tools\lib\bin\firebase.js init
[debug] [2020-11-22T06:57:46.017Z] CLI Version:   8.16.2
[debug] [2020-11-22T06:57:46.017Z] Platform:      win32
[debug] [2020-11-22T06:57:46.017Z] Node Version:  v12.17.0
[debug] [2020-11-22T06:57:46.018Z] Time:          Sat Nov 21 2020 23:57:46 GMT-0700 (Mountain Standard Time)
[debug] [2020-11-22T06:57:46.018Z] ----------------------------------------------------------------------
[debug] [2020-11-22T06:57:46.018Z] 
[debug] [2020-11-22T06:57:46.019Z] >>> [apiv2][query] GET https://firebase-public.firebaseio.com/cli.json [none]
[debug] [2020-11-22T06:57:46.029Z] > command requires scopes: ["email","openid","https://www.googleapis.com/auth/cloudplatformprojects.readonly","https://www.googleapis.com/auth/firebase","https://www.googleapis.com/auth/cloud-platform"]
[debug] [2020-11-22T06:57:46.030Z] > authorizing via signed-in user
[info] 
     ######## #### ########  ######## ########     ###     ######  ########
     ##        ##  ##     ## ##       ##     ##  ##   ##  ##       ##
     ######    ##  ########  ######   ########  #########  ######  ######
     ##        ##  ##    ##  ##       ##     ## ##     ##       ## ##
     ##       #### ##     ## ######## ########  ##     ##  ######  ########

You're about to initialize a Firebase project in this directory:

  C:\Users\nicho\Desktop\coding-environment\angular-material-fire-ngrx\fitness-tracker\fitness-tracker

Before we get started, keep in mind:

  * You are initializing in an existing Firebase project directory

[debug] [2020-11-22T06:57:46.321Z] <<< [apiv2][status] GET https://firebase-public.firebaseio.com/cli.json 200
[debug] [2020-11-22T06:57:46.322Z] <<< [apiv2][body] GET https://firebase-public.firebaseio.com/cli.json {"cloudBuildErrorAfter":1594252800000,"cloudBuildWarnAfter":1590019200000,"defaultNode10After":1594252800000,"minVersion":"3.0.5","node8DeploysDisabledAfter":1613390400000,"node8RuntimeDisabledAfter":1615809600000,"node8WarnAfter":1600128000000}
